<?xml version="1.0" encoding="UTF-8"?>
<!-- Generated by org.testng.reporters.JUnitXMLReporter -->
<testsuite hostname="shailesh" ignored="0" name="Test" tests="5" failures="1" timestamp="14 Feb 2018 09:26:49 GMT" time="33.723" errors="0">
  <testcase name="f" time="9.815" classname="example.NewTest"/>
  <testcase name="ft" time="3.812" classname="example.NewTest">
    <skipped/>
  </testcase> <!-- ft -->
  <testcase name="ft" time="1.273" classname="example.NewTest">
    <skipped/>
  </testcase> <!-- ft -->
  <testcase name="ft" time="2.552" classname="example.NewTest">
    <skipped/>
  </testcase> <!-- ft -->
  <testcase name="ft" time="2.29" classname="example.NewTest">
    <failure type="java.lang.AssertionError" message="expected [Google1] but found [Google]">
      <![CDATA[java.lang.AssertionError: expected [Google1] but found [Google]at example.NewTest.ft(NewTest.java:44)... Removed 31 stack frames]]>
    </failure>
  </testcase> <!-- ft -->
</testsuite> <!-- Test -->
